<?xml version="1.0" encoding="UTF-8"?>
<!-- Generated by org.testng.reporters.JUnitReportReporter -->
<testsuite hostname="DESKTOP-DTHB6OH" failures="0" tests="3" name="com.swaglabs.testcases.TC_LoginPageTest" time="29.119" errors="0" timestamp="2023-10-11T13:02:55 IST" skipped="0">
  <testcase classname="com.swaglabs.testcases.TC_LoginPageTest" name="verifyLoginWithInValidCredentials" time="9.803"/>
  <system-out/>
  <testcase classname="com.swaglabs.testcases.TC_LoginPageTest" name="verifyLoginWithInValidCredentials" time="9.616"/>
  <system-out/>
  <testcase classname="com.swaglabs.testcases.TC_LoginPageTest" name="verifyLoginWithInValidCredentials" time="9.700"/>
  <system-out/>
</testsuite> <!-- com.swaglabs.testcases.TC_LoginPageTest -->
