<?xml version="1.0" encoding="UTF-8"?>
<!-- Generated by org.testng.reporters.JUnitReportReporter -->
<testsuite hostname="DESKTOP-DTHB6OH" failures="0" tests="3" name="com.swaglabs.testcases.TC_ProductPageTest" time="22.089" errors="0" timestamp="2023-10-11T13:02:55 IST" skipped="0">
  <testcase classname="com.swaglabs.testcases.TC_ProductPageTest" name="verifyLoginWithValidCredentials" time="4.822"/>
  <system-out/>
  <testcase classname="com.swaglabs.testcases.TC_ProductPageTest" name="verifyCartFunctionality" time="9.962"/>
  <system-out/>
  <testcase classname="com.swaglabs.testcases.TC_ProductPageTest" name="verifyInformationpage" time="7.305"/>
  <system-out/>
</testsuite> <!-- com.swaglabs.testcases.TC_ProductPageTest -->
