<?xml version="1.0" encoding="UTF-8"?>
<!-- Generated by org.testng.reporters.JUnitReportReporter -->
<testsuite hostname="DESKTOP-DTHB6OH" failures="0" tests="1" name="com.junkybooks.testcases.TC_RegisterPageTest" time="6.779" errors="0" timestamp="2023-08-11T20:27:32 IST" skipped="0">
  <testcase classname="com.junkybooks.testcases.TC_RegisterPageTest" name="verifyLoginWithoutprovidingdetails" time="6.779"/>
  <system-out/>
</testsuite> <!-- com.junkybooks.testcases.TC_RegisterPageTest -->
