<?xml version="1.0" encoding="UTF-8"?>
<!-- Generated by org.testng.reporters.JUnitReportReporter -->
<testsuite hostname="DESKTOP-DTHB6OH" failures="0" tests="2" name="com.junkybooks.testcases.TC_LoginPageTest" time="88.965" errors="0" timestamp="2023-10-26T10:32:13 IST" skipped="0">
  <testcase classname="com.junkybooks.testcases.TC_LoginPageTest" name="verifyLoginWithValidCredentials" time="39.597"/>
  <system-out/>
  <testcase classname="com.junkybooks.testcases.TC_LoginPageTest" name="verifyLoginWithValidCredentials" time="49.368"/>
  <system-out/>
</testsuite> <!-- com.junkybooks.testcases.TC_LoginPageTest -->
