<?xml version="1.0" encoding="UTF-8"?>
<!-- Generated by org.testng.reporters.JUnitReportReporter -->
<testsuite hostname="DESKTOP-DTHB6OH" failures="0" tests="2" name="com.junkybooks.testcases.TC_LoginPageDDT" time="93.647" errors="0" timestamp="2023-08-11T14:10:37 IST" skipped="0">
  <testcase classname="com.junkybooks.testcases.TC_LoginPageDDT" name="loginDDT" time="49.625"/>
  <system-out/>
  <testcase classname="com.junkybooks.testcases.TC_LoginPageDDT" name="loginDDT" time="44.022"/>
  <system-out/>
</testsuite> <!-- com.junkybooks.testcases.TC_LoginPageDDT -->
